<?xml version="1.0" encoding="UTF-8"?>
<!-- Generated by org.testng.reporters.JUnitReportReporter -->
<testsuite skipped="0" hostname="G1C2ML15656" name="com.bookmyroom.testng.ApplicationTest" tests="3" failures="0" timestamp="24 Aug 2018 11:37:17 GMT" time="0.010" errors="0">
  <testcase name="appTest" time="0.007" classname="com.bookmyroom.testng.ApplicationTest"/>
  <testcase name="appTest" time="0.001" classname="com.bookmyroom.testng.ApplicationTest"/>
  <testcase name="appTest" time="0.002" classname="com.bookmyroom.testng.ApplicationTest"/>
</testsuite> <!-- com.bookmyroom.testng.ApplicationTest -->
